<?xml version="1.0" encoding="UTF-8"?>
<!-- Generated by org.testng.reporters.JUnitXMLReporter -->
<testsuite hostname="A3508L" ignored="0" name="Test(failed)(failed)" tests="2" failures="0" timestamp="2022-01-21T04:21:12 CST" time="151.739" errors="0">
  <testcase name="runScenario" time="73.01" classname="io.cucumber.testng.AbstractTestNGCucumberTests"/>
  <testcase name="runScenario" time="75.288" classname="io.cucumber.testng.AbstractTestNGCucumberTests"/>
</testsuite> <!-- Test(failed)(failed) -->
