<?xml version="1.0" encoding="UTF-8"?>
<!-- Generated by org.testng.reporters.JUnitXMLReporter -->
<testsuite hostname="A3508L" ignored="0" name="Test(failed)" tests="2" failures="2" timestamp="2022-01-25T04:41:56 CST" time="130.726" errors="0">
  <testcase name="runScenario" time="63.109" classname="io.cucumber.testng.AbstractTestNGCucumberTests">
    <failure type="java.lang.NullPointerException">
      <![CDATA[java.lang.NullPointerException
at com.ual.excelhelpers.ExcelHandling.getDatafromExcelUsingRNumColHead(ExcelHandling.java:173)
at com.ual.pr.steps.NewHireCreationExcel.select_training_program_class_date_from_excel_rownum(NewHireCreationExcel.java:125)
at ✽.select training program class date from excel 9(file:///C:/Users/nerusu.hemanjali/eclipse-workspace/BDD-u-1/src/test/resources/features/PR/NewHireCreation.feature:178)
]]>
    </failure>
  </testcase> <!-- runScenario -->
  <testcase name="runScenario" time="64.562" classname="io.cucumber.testng.AbstractTestNGCucumberTests">
    <failure type="java.lang.NullPointerException">
      <![CDATA[java.lang.NullPointerException
at com.ual.excelhelpers.ExcelHandling.getDatafromExcelUsingRNumColHead(ExcelHandling.java:173)
at com.ual.pr.steps.NewHireCreationExcel.select_training_program_class_date_from_excel_rownum(NewHireCreationExcel.java:125)
at ✽.select training program class date from excel 10(file:///C:/Users/nerusu.hemanjali/eclipse-workspace/BDD-u-1/src/test/resources/features/PR/NewHireCreation.feature:178)
]]>
    </failure>
  </testcase> <!-- runScenario -->
</testsuite> <!-- Test(failed) -->
